#! /usr/bin/vvp -v
:ivl_version "11.0 (stable)";
:ivl_delay_selection "TYPICAL";
:vpi_time_precision + 0;
:vpi_module "/usr/lib/x86_64-linux-gnu/ivl/system.vpi";
:vpi_module "/usr/lib/x86_64-linux-gnu/ivl/vhdl_sys.vpi";
:vpi_module "/usr/lib/x86_64-linux-gnu/ivl/vhdl_textio.vpi";
:vpi_module "/usr/lib/x86_64-linux-gnu/ivl/v2005_math.vpi";
:vpi_module "/usr/lib/x86_64-linux-gnu/ivl/va_math.vpi";
S_0x56017f9b3100 .scope module, "d_latch" "d_latch" 2 2;
 .timescale 0 0;
    .port_info 0 /INPUT 1 "d";
    .port_info 1 /INPUT 1 "en";
    .port_info 2 /INPUT 1 "rstn";
    .port_info 3 /OUTPUT 1 "q";
o0x7f3a79ce7018 .functor BUFZ 1, C4<z>; HiZ drive
v0x56017f9b3320_0 .net "d", 0 0, o0x7f3a79ce7018;  0 drivers
o0x7f3a79ce7048 .functor BUFZ 1, C4<z>; HiZ drive
v0x56017f9d5130_0 .net "en", 0 0, o0x7f3a79ce7048;  0 drivers
v0x56017f9d51f0_0 .var "q", 0 0;
o0x7f3a79ce70a8 .functor BUFZ 1, C4<z>; HiZ drive
v0x56017f9d52c0_0 .net "rstn", 0 0, o0x7f3a79ce70a8;  0 drivers
E_0x56017f9c6f00 .event edge, v0x56017f9b3320_0, v0x56017f9d52c0_0, v0x56017f9d5130_0;
    .scope S_0x56017f9b3100;
T_0 ;
    %wait E_0x56017f9c6f00;
    %load/vec4 v0x56017f9d52c0_0;
    %nor/r;
    %flag_set/vec4 8;
    %jmp/0xz  T_0.0, 8;
    %pushi/vec4 0, 0, 1;
    %assign/vec4 v0x56017f9d51f0_0, 0;
    %jmp T_0.1;
T_0.0 ;
    %load/vec4 v0x56017f9d5130_0;
    %flag_set/vec4 8;
    %jmp/0xz  T_0.2, 8;
    %load/vec4 v0x56017f9b3320_0;
    %assign/vec4 v0x56017f9d51f0_0, 0;
T_0.2 ;
T_0.1 ;
    %jmp T_0;
    .thread T_0, $push;
# The file index is used to find the file name in the following table.
:file_names 3;
    "N/A";
    "<interactive>";
    "input/subleq1.v";
